<?xml version="1.0" encoding="UTF-8"?>
<!-- Generated by org.testng.reporters.JUnitReportReporter -->
<testsuite hostname="DESKTOP-47P2MTB" failures="0" tests="2" name="com.swagLabs.tests.CartPageTest" time="87.506" errors="0" timestamp="2025-01-04T14:33:53 IST" skipped="0">
  <testcase classname="com.swagLabs.tests.CartPageTest" name="verifyUserCanRemoveItemsFromCart" time="42.956"/>
  <testcase classname="com.swagLabs.tests.CartPageTest" name="verifyUserCanCheckOut" time="44.550"/>
</testsuite> <!-- com.swagLabs.tests.CartPageTest -->
