<?xml version="1.0" encoding="UTF-8"?>
<!-- Generated by org.testng.reporters.JUnitReportReporter -->
<testsuite hostname="DESKTOP-47P2MTB" failures="0" tests="1" name="com.swagLabs.tests.EndToEndTest" time="56.483" errors="0" timestamp="2025-01-03T19:57:27 IST" skipped="0">
  <testcase classname="com.swagLabs.tests.EndToEndTest" name="verifyEndToEndPurchasingFunctionality" time="56.483"/>
</testsuite> <!-- com.swagLabs.tests.EndToEndTest -->
