<?xml version="1.0" encoding="UTF-8"?>
<!-- Generated by org.testng.reporters.JUnitReportReporter -->
<testsuite hostname="DESKTOP-47P2MTB" failures="0" tests="1" name="tests.SwagLabs2InventoryPageTest" time="22.331" errors="0" timestamp="2024-12-30T08:32:56 IST" skipped="0">
  <testcase classname="tests.SwagLabs2InventoryPageTest" name="verifyUserCanAddItemToCart" time="22.331"/>
</testsuite> <!-- tests.SwagLabs2InventoryPageTest -->
