<?xml version="1.0" encoding="UTF-8"?>
<!-- Generated by org.testng.reporters.JUnitReportReporter -->
<testsuite hostname="DESKTOP-47P2MTB" failures="0" tests="2" name="com.swagLabs.tests.CartPageTest" time="94.153" errors="0" timestamp="2025-01-10T13:25:47 IST" skipped="0">
  <testcase classname="com.swagLabs.tests.CartPageTest" name="verifyUserCanRemoveItemsFromCart" time="44.132"/>
  <testcase classname="com.swagLabs.tests.CartPageTest" name="verifyUserCanCheckOut" time="50.021"/>
</testsuite> <!-- com.swagLabs.tests.CartPageTest -->
