<?xml version="1.0" encoding="UTF-8"?>
<!-- Generated by org.testng.reporters.JUnitReportReporter -->
<testsuite hostname="DESKTOP-47P2MTB" failures="0" tests="1" name="com.swagLabs.tests.EndToEndTest" time="68.110" errors="0" timestamp="2025-01-10T13:25:47 IST" skipped="0">
  <testcase classname="com.swagLabs.tests.EndToEndTest" name="verifyEndToEndPurchasingFunctionality" time="68.110"/>
</testsuite> <!-- com.swagLabs.tests.EndToEndTest -->
