<?xml version="1.0" encoding="UTF-8"?>
<!-- Generated by org.testng.reporters.JUnitReportReporter -->
<testsuite hostname="DESKTOP-47P2MTB" failures="0" tests="2" name="com.swagLabs.tests.InventoryPageTest" time="91.733" errors="0" timestamp="2025-01-14T19:04:00 IST" skipped="0">
  <testcase classname="com.swagLabs.tests.InventoryPageTest" name="verifyUserIsAbleToNavigateToSocialMediaSites" time="63.799"/>
  <testcase classname="com.swagLabs.tests.InventoryPageTest" name="verifyUserCanAddItemToCart" time="27.934"/>
</testsuite> <!-- com.swagLabs.tests.InventoryPageTest -->
