<?xml version="1.0" encoding="UTF-8"?>
<!-- Generated by org.testng.reporters.JUnitReportReporter -->
<testsuite hostname="DESKTOP-47P2MTB" failures="0" tests="1" name="tests.SwagLabs4CartPageTest" time="34.347" errors="0" timestamp="2024-12-30T10:07:29 IST" skipped="0">
  <testcase classname="tests.SwagLabs4CartPageTest" name="verifyUserCanRemoveItemsFromCart" time="34.347"/>
</testsuite> <!-- tests.SwagLabs4CartPageTest -->
