<?xml version="1.0" encoding="UTF-8"?>
<!-- Generated by org.testng.reporters.JUnitReportReporter -->
<testsuite hostname="DESKTOP-47P2MTB" failures="0" tests="1" name="testCase.NaukriProfileUpdate" time="122.581" errors="0" timestamp="2024-11-03T13:25:27 IST" skipped="0">
  <testcase classname="testCase.NaukriProfileUpdate" name="updateNaukriProfile" time="122.581"/>
</testsuite> <!-- testCase.NaukriProfileUpdate -->
