<?xml version="1.0" encoding="UTF-8"?>
<!-- Generated by org.testng.reporters.JUnitReportReporter -->
<testsuite hostname="DESKTOP-47P2MTB" failures="0" tests="1" name="com.swagLabs.tests.EndToEndTest" time="59.093" errors="0" timestamp="2025-01-03T14:26:05 IST" skipped="0">
  <testcase classname="com.swagLabs.tests.EndToEndTest" name="verifyEndToEndPurchasingFunctionality" time="59.093"/>
</testsuite> <!-- com.swagLabs.tests.EndToEndTest -->
