<?xml version="1.0" encoding="UTF-8"?>
<!-- Generated by org.testng.reporters.JUnitReportReporter -->
<testsuite hostname="DESKTOP-47P2MTB" failures="0" tests="7" name="testCase.SwagLabs1LoginPageTest" time="163.558" errors="0" timestamp="2024-12-17T20:44:12 IST" skipped="0">
  <testcase classname="testCase.SwagLabs1LoginPageTest" name="hold" time="0.079"/>
  <testcase classname="testCase.SwagLabs1LoginPageTest" name="checkLoginFunctionality" time="10.823"/>
  <testcase classname="testCase.SwagLabs1LoginPageTest" name="checkLoginFunctionality" time="10.536"/>
  <testcase classname="testCase.SwagLabs1LoginPageTest" name="checkLoginFunctionality" time="99.546"/>
  <testcase classname="testCase.SwagLabs1LoginPageTest" name="checkLoginFunctionality" time="11.739"/>
  <testcase classname="testCase.SwagLabs1LoginPageTest" name="checkLoginFunctionality" time="19.377"/>
  <testcase classname="testCase.SwagLabs1LoginPageTest" name="checkLoginFunctionality" time="11.458"/>
</testsuite> <!-- testCase.SwagLabs1LoginPageTest -->
