<?xml version="1.0" encoding="UTF-8"?>
<!-- Generated by org.testng.reporters.JUnitReportReporter -->
<testsuite hostname="DESKTOP-47P2MTB" failures="0" tests="1" name="com.swagLabs.tests.CheckoutCompletepageTest" time="62.411" errors="0" timestamp="2025-01-13T21:30:48 IST" skipped="0">
  <testcase classname="com.swagLabs.tests.CheckoutCompletepageTest" name="verifyCheckoutSuccessMessage" time="62.411"/>
</testsuite> <!-- com.swagLabs.tests.CheckoutCompletepageTest -->
