<?xml version="1.0" encoding="UTF-8"?>
<!-- Generated by org.testng.reporters.JUnitReportReporter -->
<testsuite hostname="DESKTOP-47P2MTB" failures="0" tests="1" name="testCase.NaukriProfileUpdate" time="133.381" errors="0" timestamp="2024-11-03T13:20:26 IST" skipped="0">
  <testcase classname="testCase.NaukriProfileUpdate" name="updateNaukriProfile" time="133.381"/>
</testsuite> <!-- testCase.NaukriProfileUpdate -->
