<?xml version="1.0" encoding="UTF-8"?>
<!-- Generated by org.testng.reporters.JUnitReportReporter -->
<testsuite hostname="DESKTOP-47P2MTB" failures="0" tests="1" name="com.swagLabs.tests.CartPageTest" time="35.978" errors="0" timestamp="2025-01-02T19:07:57 IST" skipped="0">
  <testcase classname="com.swagLabs.tests.CartPageTest" name="verifyUserCanCheckOut" time="35.978"/>
</testsuite> <!-- com.swagLabs.tests.CartPageTest -->
