<?xml version="1.0" encoding="UTF-8"?>
<!-- Generated by org.testng.reporters.JUnitReportReporter -->
<testsuite hostname="DESKTOP-47P2MTB" failures="0" tests="6" name="testCase.SwagLabs1LoginPageTest" time="153.291" errors="0" timestamp="2024-10-25T14:40:47 IST" skipped="0">
  <testcase classname="testCase.SwagLabs1LoginPageTest" name="checkLoginFunctionality" time="23.975"/>
  <testcase classname="testCase.SwagLabs1LoginPageTest" name="checkLoginFunctionality" time="34.180"/>
  <testcase classname="testCase.SwagLabs1LoginPageTest" name="checkLoginFunctionality" time="22.600"/>
  <testcase classname="testCase.SwagLabs1LoginPageTest" name="checkLoginFunctionality" time="22.818"/>
  <testcase classname="testCase.SwagLabs1LoginPageTest" name="checkLoginFunctionality" time="23.913"/>
  <testcase classname="testCase.SwagLabs1LoginPageTest" name="checkLoginFunctionality" time="25.805"/>
</testsuite> <!-- testCase.SwagLabs1LoginPageTest -->
