<?xml version="1.0" encoding="UTF-8"?>
<!-- Generated by org.testng.reporters.JUnitReportReporter -->
<testsuite hostname="DESKTOP-47P2MTB" failures="0" tests="2" name="com.swagLabs.tests.InventoryPageTest" time="96.743" errors="0" timestamp="2025-01-10T13:25:47 IST" skipped="0">
  <testcase classname="com.swagLabs.tests.InventoryPageTest" name="verifyUserIsAbleToNavigateToSocialMediaSites" time="68.613"/>
  <testcase classname="com.swagLabs.tests.InventoryPageTest" name="verifyUserCanAddItemToCart" time="28.130"/>
</testsuite> <!-- com.swagLabs.tests.InventoryPageTest -->
