<?xml version="1.0" encoding="UTF-8"?>
<!-- Generated by org.testng.reporters.JUnitReportReporter -->
<testsuite hostname="DESKTOP-47P2MTB" failures="0" tests="2" name="com.swagLabs.tests.CartPageTest" time="90.659" errors="0" timestamp="2025-01-14T19:04:00 IST" skipped="0">
  <testcase classname="com.swagLabs.tests.CartPageTest" name="verifyUserCanRemoveItemsFromCart" time="44.351"/>
  <testcase classname="com.swagLabs.tests.CartPageTest" name="verifyUserCanCheckOut" time="46.308"/>
</testsuite> <!-- com.swagLabs.tests.CartPageTest -->
