<?xml version="1.0" encoding="UTF-8"?>
<!-- Generated by org.testng.reporters.JUnitReportReporter -->
<testsuite hostname="DESKTOP-47P2MTB" failures="0" tests="1" name="com.swagLabs.tests.CheckoutCompletepageTest" time="59.747" errors="0" timestamp="2025-01-04T14:33:53 IST" skipped="0">
  <testcase classname="com.swagLabs.tests.CheckoutCompletepageTest" name="verifyCheckoutSuccessMessage" time="59.747"/>
</testsuite> <!-- com.swagLabs.tests.CheckoutCompletepageTest -->
