<?xml version="1.0" encoding="UTF-8"?>
<!-- Generated by org.testng.reporters.JUnitReportReporter -->
<testsuite hostname="DESKTOP-47P2MTB" failures="0" tests="1" name="com.swagLabs.tests.CheckoutCompletepageTest" time="61.726" errors="0" timestamp="2025-01-14T19:04:00 IST" skipped="0">
  <testcase classname="com.swagLabs.tests.CheckoutCompletepageTest" name="verifyCheckoutSuccessMessage" time="61.726"/>
</testsuite> <!-- com.swagLabs.tests.CheckoutCompletepageTest -->
