<?xml version="1.0" encoding="UTF-8"?>
<!-- Generated by org.testng.reporters.JUnitReportReporter -->
<testsuite hostname="DESKTOP-47P2MTB" failures="0" tests="1" name="com.swagLabs.tests.NaukriProfileUpdateTest" time="21.377" errors="0" timestamp="2025-05-30T12:40:58 IST" skipped="0">
  <testcase classname="com.swagLabs.tests.NaukriProfileUpdateTest" name="webTableTest" time="21.377"/>
</testsuite> <!-- com.swagLabs.tests.NaukriProfileUpdateTest -->
