<?xml version="1.0" encoding="UTF-8"?>
<!-- Generated by org.testng.reporters.JUnitReportReporter -->
<testsuite hostname="DESKTOP-47P2MTB" failures="0" tests="1" name="testCase.NaukriProfileUpdate" time="142.125" errors="0" timestamp="2024-11-03T14:08:10 IST" skipped="0">
  <testcase classname="testCase.NaukriProfileUpdate" name="updateNaukriProfile" time="142.125"/>
</testsuite> <!-- testCase.NaukriProfileUpdate -->
