<?xml version="1.0" encoding="UTF-8"?>
<!-- Generated by org.testng.reporters.JUnitReportReporter -->
<testsuite hostname="DESKTOP-47P2MTB" failures="0" tests="1" name="com.swagLabs.tests.ProductPageTest" time="31.784" errors="0" timestamp="2025-01-06T12:35:37 IST" skipped="0">
  <testcase classname="com.swagLabs.tests.ProductPageTest" name="verifyUserIsAbleToNavigateToSocialMediaSites" time="31.784"/>
</testsuite> <!-- com.swagLabs.tests.ProductPageTest -->
