<?xml version="1.0" encoding="UTF-8"?>
<!-- Generated by org.testng.reporters.JUnitReportReporter -->
<testsuite hostname="DESKTOP-47P2MTB" failures="0" tests="1" name="com.swagLabs.tests.InventoryPageTest" time="67.587" errors="0" timestamp="2025-01-06T12:44:12 IST" skipped="0">
  <testcase classname="com.swagLabs.tests.InventoryPageTest" name="verifyUserIsAbleToNavigateToSocialMediaSites" time="67.587"/>
</testsuite> <!-- com.swagLabs.tests.InventoryPageTest -->
