<?xml version="1.0" encoding="UTF-8"?>
<!-- Generated by org.testng.reporters.JUnitReportReporter -->
<testsuite hostname="DESKTOP-47P2MTB" failures="0" tests="2" name="testCase.SwagLabs7CheckoutCompletepageTest" time="37.401" errors="0" timestamp="2024-10-25T14:59:27 IST" skipped="0">
  <testcase classname="testCase.SwagLabs7CheckoutCompletepageTest" name="verifyOrderConformationMessageDisplayed" time="17.593"/>
  <testcase classname="testCase.SwagLabs7CheckoutCompletepageTest" name="openCheckoutComplete_BackToHomeButton_RedirectedToProductpage" time="19.808"/>
</testsuite> <!-- testCase.SwagLabs7CheckoutCompletepageTest -->
