<?xml version="1.0" encoding="UTF-8"?>
<!-- Generated by org.testng.reporters.JUnitReportReporter -->
<testsuite hostname="DESKTOP-47P2MTB" failures="0" tests="6" name="testCase.SwagLabs1LoginPageTest" time="140.407" errors="0" timestamp="2024-10-25T14:59:27 IST" skipped="0">
  <testcase classname="testCase.SwagLabs1LoginPageTest" name="checkLoginFunctionality" time="24.036"/>
  <testcase classname="testCase.SwagLabs1LoginPageTest" name="checkLoginFunctionality" time="26.548"/>
  <testcase classname="testCase.SwagLabs1LoginPageTest" name="checkLoginFunctionality" time="22.387"/>
  <testcase classname="testCase.SwagLabs1LoginPageTest" name="checkLoginFunctionality" time="22.475"/>
  <testcase classname="testCase.SwagLabs1LoginPageTest" name="checkLoginFunctionality" time="23.289"/>
  <testcase classname="testCase.SwagLabs1LoginPageTest" name="checkLoginFunctionality" time="21.672"/>
</testsuite> <!-- testCase.SwagLabs1LoginPageTest -->
