<?xml version="1.0" encoding="UTF-8"?>
<!-- Generated by org.testng.reporters.JUnitReportReporter -->
<testsuite hostname="DESKTOP-47P2MTB" failures="0" tests="1" name="com.swagLabs.tests.NaukriProfileUpdateTest" time="86.534" errors="0" timestamp="2025-04-24T22:47:45 IST" skipped="0">
  <testcase classname="com.swagLabs.tests.NaukriProfileUpdateTest" name="updateNaukriProfile" time="86.534"/>
</testsuite> <!-- com.swagLabs.tests.NaukriProfileUpdateTest -->
