<?xml version="1.0" encoding="UTF-8"?>
<!-- Generated by org.testng.reporters.JUnitReportReporter -->
<testsuite hostname="DESKTOP-47P2MTB" failures="0" tests="2" name="testCase.SwagLabs6CheckoutOverviewPageTest" time="38.974" errors="0" timestamp="2024-10-25T14:59:27 IST" skipped="0">
  <testcase classname="testCase.SwagLabs6CheckoutOverviewPageTest" name="verifyUserCanOrderSuccessfully" time="19.551"/>
  <testcase classname="testCase.SwagLabs6CheckoutOverviewPageTest" name="verifyCheckoutProcessCancellation" time="19.423"/>
</testsuite> <!-- testCase.SwagLabs6CheckoutOverviewPageTest -->
