<?xml version="1.0" encoding="UTF-8"?>
<!-- Generated by org.testng.reporters.JUnitReportReporter -->
<testsuite hostname="DESKTOP-47P2MTB" failures="0" tests="1" name="testCase.NaukriProfileUpdate" time="106.100" errors="0" timestamp="2024-11-02T18:00:28 IST" skipped="0">
  <testcase classname="testCase.NaukriProfileUpdate" name="updateNaukriProfile" time="106.100"/>
</testsuite> <!-- testCase.NaukriProfileUpdate -->
