<?xml version="1.0" encoding="UTF-8"?>
<!-- Generated by org.testng.reporters.JUnitReportReporter -->
<testsuite hostname="DESKTOP-47P2MTB" failures="0" tests="2" name="testCase.SwagLabs4CartPageTest" time="49.958" errors="0" timestamp="2024-10-25T14:59:27 IST" skipped="0">
  <testcase classname="testCase.SwagLabs4CartPageTest" name="verifyNavigationToCheckoutPage" time="22.889"/>
  <testcase classname="testCase.SwagLabs4CartPageTest" name="navigateToHomepageAndAddItems" time="27.069"/>
</testsuite> <!-- testCase.SwagLabs4CartPageTest -->
